<?xml version="1.0" encoding="UTF-8"?>
<!-- Generated by org.testng.reporters.JUnitReportReporter -->
<testsuite skipped="0" hostname="sysvinemp056.local" name="com.sysvine.turbopro.automation.LoginTest" tests="2" failures="0" timestamp="2019-10-10T14:43:38 IST" time="11.632" errors="0">
  <testcase name="verifyIncorrectLogin" time="9.003" classname="com.sysvine.turbopro.automation.LoginTest"/>
  <testcase name="verifyLogin" time="2.629" classname="com.sysvine.turbopro.automation.LoginTest"/>
</testsuite> <!-- com.sysvine.turbopro.automation.LoginTest -->
