<?xml version="1.0" encoding="UTF-8"?>
<!-- Generated by org.testng.reporters.JUnitReportReporter -->
<testsuite skipped="0" hostname="sysvinemp056.local" name="com.sysvine.turbopro.automation.customers.InvoiceTest" tests="4" failures="0" timestamp="2019-10-20T10:22:53 IST" time="9.340" errors="0">
  <testcase name="checkCusNameSuggestions" time="7.005" classname="com.sysvine.turbopro.automation.customers.InvoiceTest"/>
  <testcase name="checkInvoiceDate" time="0.031" classname="com.sysvine.turbopro.automation.customers.InvoiceTest"/>
  <testcase name="checkShipToAddress" time="2.302" classname="com.sysvine.turbopro.automation.customers.InvoiceTest"/>
  <testcase name="checkTaxTerritory" time="0.002" classname="com.sysvine.turbopro.automation.customers.InvoiceTest"/>
</testsuite> <!-- com.sysvine.turbopro.automation.customers.InvoiceTest -->
