<?xml version="1.0" encoding="UTF-8"?>
<!-- Generated by org.testng.reporters.JUnitReportReporter -->
<testsuite skipped="0" hostname="sysvinemp056.local" name="com.sysvine.turbopro.automation.utils.jdbc" tests="1" failures="0" timestamp="2019-10-09T17:33:07 IST" time="5.419" errors="0">
  <testcase name="connect" time="5.419" classname="com.sysvine.turbopro.automation.utils.jdbc"/>
</testsuite> <!-- com.sysvine.turbopro.automation.utils.jdbc -->
