<?xml version="1.0" encoding="UTF-8"?>
<!-- Generated by org.testng.reporters.JUnitReportReporter -->
<testsuite skipped="0" hostname="sysvinemp056.local" name="com.sysvine.turopro.automation.InvoiceTest" tests="2" failures="0" timestamp="2019-10-04T22:35:28 IST" time="4.367" errors="0">
  <testcase name="checkInformationPopup" time="1.844" classname="com.sysvine.turopro.automation.InvoiceTest"/>
  <testcase name="checkInvoiceDate" time="2.523" classname="com.sysvine.turopro.automation.InvoiceTest"/>
</testsuite> <!-- com.sysvine.turopro.automation.InvoiceTest -->
