<?xml version="1.0" encoding="UTF-8"?>
<!-- Generated by org.testng.reporters.JUnitReportReporter -->
<testsuite skipped="0" hostname="sysvinemp056.local" name="com.sysvine.turbopro.automation.LoginTest" tests="2" failures="0" timestamp="2019-10-20T10:22:53 IST" time="4.799" errors="0">
  <testcase name="verifyIncorrectLogin" time="1.701" classname="com.sysvine.turbopro.automation.LoginTest"/>
  <testcase name="verifyLogin" time="3.098" classname="com.sysvine.turbopro.automation.LoginTest"/>
</testsuite> <!-- com.sysvine.turbopro.automation.LoginTest -->
