<?xml version="1.0" encoding="UTF-8"?>
<!-- Generated by org.testng.reporters.JUnitReportReporter -->
<testsuite skipped="0" hostname="sysvinemp056.local" name="com.sysvine.turopro.automation.LoginTest" tests="2" failures="0" timestamp="2019-10-04T22:35:28 IST" time="5.440" errors="0">
  <testcase name="verifyIncorrectLogin" time="1.829" classname="com.sysvine.turopro.automation.LoginTest"/>
  <testcase name="verifyLogin" time="3.611" classname="com.sysvine.turopro.automation.LoginTest"/>
</testsuite> <!-- com.sysvine.turopro.automation.LoginTest -->
